#
# A fatal error has been detected by the Java Runtime Environment:
#
#  EXCEPTION_ACCESS_VIOLATION (0xc0000005) at pc=0x000007fefe3c6188, pid=9448, tid=9372
#
# JRE version: Java(TM) SE Runtime Environment (8.0_51-b16) (build 1.8.0_51-b16)
# Java VM: Java HotSpot(TM) 64-Bit Server VM (25.51-b03 mixed mode windows-amd64 compressed oops)
# Problematic frame:
# C  [ole32.dll+0x36188]
#
# Failed to write core dump. Minidumps are not enabled by default on client versions of Windows
#
# If you would like to submit a bug report, please visit:
#   http://bugreport.java.com/bugreport/crash.jsp
# The crash happened outside the Java Virtual Machine in native code.
# See problematic frame for where to report the bug.
#

---------------  T H R E A D  ---------------

Current thread (0x000000002041f800):  JavaThread "JavaFX Application Thread" [_thread_in_native, id=9372, stack(0x0000000021650000,0x0000000021750000)]

siginfo: ExceptionCode=0xc0000005, reading address 0xffffffffffffffff

Registers:
RAX=0x000000002174a2b8, RBX=0x000000002174ae70, RCX=0x0000000023827870, RDX=0x000007fefec14c38
RSP=0x000000002174a260, RBP=0x000000002174a7a8, RSI=0x0000000000000000, RDI=0x000000002174a790
R8 =0x000000002174ae68, R9 =0x000007feeb5705d5, R10=0x000000002174ae60, R11=0x6573213805d500b8
R12=0x0000000000000000, R13=0x0000000080004002, R14=0x0000000000000000, R15=0x0000000000000000
RIP=0x000007fefe3c6188, EFLAGS=0x0000000000010246

Top of Stack: (sp=0x000000002174a260)
0x000000002174a260:   0000000000000000 0000000000000000
0x000000002174a270:   000007fefe516d60 000000002174a300
0x000000002174a280:   0000000000000000 0000000000000000
0x000000002174a290:   0000000000000000 0000000000000000
0x000000002174a2a0:   0000000000000001 000000002174ae60
0x000000002174a2b0:   000000002174ac10 000007fefe3a20d1
0x000000002174a2c0:   0000000000000401 0000000000000001
0x000000002174a2d0:   0000000000000000 000000002174ae60
0x000000002174a2e0:   0000000000000001 000000002174ad68
0x000000002174a2f0:   0052005c00000000 0000000000000000
0x000000002174a300:   00000000213dc060 004800430041004d
0x000000002174a310:   000007fefe53ffc0 000007fefe540048
0x000000002174a320:   000007fefe540068 0000033800000001
0x000000002174a330:   000000c000000000 0000000046000000
0x000000002174a340:   0000000100000000 0000000000000000
0x000000002174a350:   0000000400000000 0000000000000000 

Instructions: (pc=0x000007fefe3c6188)
0x000007fefe3c6168:   bf 4c 01 00 00 00 0f 85 76 a1 02 00 48 8b 4d 38
0x000007fefe3c6178:   48 8d 14 76 4c 8b 09 4d 8d 44 d2 08 48 8b 53 f0
0x000007fefe3c6188:   41 ff 11 89 03 eb 00 4c 8b 54 24 78 8b 54 24 68
0x000007fefe3c6198:   45 85 ed 74 03 44 8b 2b ff c6 49 83 c7 04 49 83 


Register to memory mapping:

RAX=0x000000002174a2b8 is pointing into the stack for thread: 0x000000002041f800
RBX=0x000000002174ae70 is pointing into the stack for thread: 0x000000002041f800
RCX=0x0000000023827870 is an unknown value
RDX=0x000007fefec14c38 is an unknown value
RSP=0x000000002174a260 is pointing into the stack for thread: 0x000000002041f800
RBP=0x000000002174a7a8 is pointing into the stack for thread: 0x000000002041f800
RSI=0x0000000000000000 is an unknown value
RDI=0x000000002174a790 is pointing into the stack for thread: 0x000000002041f800
R8 =0x000000002174ae68 is pointing into the stack for thread: 0x000000002041f800
R9 =0x000007feeb5705d5 is an unknown value
R10=0x000000002174ae60 is pointing into the stack for thread: 0x000000002041f800
R11=0x6573213805d500b8 is an unknown value
R12=0x0000000000000000 is an unknown value
R13=0x0000000080004002 is an unknown value
R14=0x0000000000000000 is an unknown value
R15=0x0000000000000000 is an unknown value


Stack: [0x0000000021650000,0x0000000021750000],  sp=0x000000002174a260,  free space=1000k
Native frames: (J=compiled Java code, j=interpreted, Vv=VM code, C=native code)
C  [ole32.dll+0x36188]
C  [ole32.dll+0x120d1]
C  [ole32.dll+0x2761b]
C  [nvd3d9wrapx.dll+0x2bd2]
C  [SHELL32.dll+0x85105]
C  [SHELL32.dll+0x6a870]
C  [SHELL32.dll+0x4de45]
C  [SHELL32.dll+0x25cfc]
C  [SHELL32.dll+0x25ba0]
C  [SHELL32.dll+0x25af4]
C  [SHELL32.dll+0x425ff]
C  [SHELL32.dll+0x28068]
C  [SHELL32.dll+0x1b21c2]
C  [SHELL32.dll+0x6b625]
C  [SHELL32.dll+0xa2f3e]
C  [ole32.dll+0x12363]
C  [ole32.dll+0x1169a]
C  [ole32.dll+0x1192c]
C  [ole32.dll+0x1199e]
C  [ole32.dll+0x36e93]
C  [ole32.dll+0x36e27]
C  [ole32.dll+0x12567]
C  [ole32.dll+0x1169a]
C  [ole32.dll+0x117a7]
C  [ole32.dll+0x1169a]
C  [ole32.dll+0x12090]
C  [ole32.dll+0x2761b]
C  [nvd3d9wrapx.dll+0x2bd2]
C  [glass.dll+0x14803]
C  [glass.dll+0x1fd70]
C  [glass.dll+0x18794]
C  [glass.dll+0x1b563]
C  [glass.dll+0x1b88e]
C  [glass.dll+0xa4ef]
C  [glass.dll+0x1128]
C  [USER32.dll+0x19bd1]
C  [USER32.dll+0x16aa8]
C  [USER32.dll+0x16bad]
C  [glass.dll+0x9d85]
C  [glass.dll+0x1b425]
C  0x000000000f025e34

Java frames: (J=compiled Java code, j=interpreted, Vv=VM code)
j  com.sun.glass.ui.win.WinWindow._createWindow(JJI)J+0
j  com.sun.glass.ui.Window.<init>(Lcom/sun/glass/ui/Window;Lcom/sun/glass/ui/Screen;I)V+357
j  com.sun.glass.ui.win.WinWindow.<init>(Lcom/sun/glass/ui/Window;Lcom/sun/glass/ui/Screen;I)V+4
j  com.sun.glass.ui.win.WinApplication.createWindow(Lcom/sun/glass/ui/Window;Lcom/sun/glass/ui/Screen;I)Lcom/sun/glass/ui/Window;+7
j  com.sun.javafx.tk.quantum.WindowStage.initPlatformWindow()V+250
j  com.sun.javafx.tk.quantum.WindowStage.init(Lcom/sun/javafx/tk/quantum/GlassSystemMenu;)Lcom/sun/javafx/tk/quantum/WindowStage;+1
j  com.sun.javafx.tk.quantum.QuantumToolkit.createTKStage(Ljavafx/stage/Window;ZLjavafx/stage/StageStyle;ZLjavafx/stage/Modality;Lcom/sun/javafx/tk/TKStage;ZLjava/security/AccessControlContext;)Lcom/sun/javafx/tk/TKStage;+50
j  javafx.stage.Stage.impl_visibleChanging(Z)V+139
j  javafx.stage.Window$9.invalidated()V+80
J 1857 C1 javafx.beans.property.BooleanPropertyBase.set(Z)V (110 bytes) @ 0x000000000f635164 [0x000000000f634a60+0x704]
j  javafx.stage.Window.setShowing(Z)V+11
j  javafx.stage.Window.show()V+2
j  javafx.stage.Stage.show()V+1
j  starvationevasion.client.MegaMawile.MainClient_MegaMawile.start(Ljavafx/stage/Stage;)V+78
j  com.sun.javafx.application.LauncherImpl.lambda$launchApplication1$159(Ljava/util/concurrent/atomic/AtomicBoolean;Ljavafx/application/Application;)V+20
j  com.sun.javafx.application.LauncherImpl$$Lambda$52.run()V+8
j  com.sun.javafx.application.PlatformImpl.lambda$runAndWait$172(Ljava/lang/Runnable;Ljava/util/concurrent/CountDownLatch;)V+1
j  com.sun.javafx.application.PlatformImpl$$Lambda$48.run()V+8
j  com.sun.javafx.application.PlatformImpl.lambda$null$170(Ljava/lang/Runnable;)Ljava/lang/Void;+1
j  com.sun.javafx.application.PlatformImpl$$Lambda$50.run()Ljava/lang/Object;+4
v  ~StubRoutines::call_stub
j  java.security.AccessController.doPrivileged(Ljava/security/PrivilegedAction;Ljava/security/AccessControlContext;)Ljava/lang/Object;+0
j  com.sun.javafx.application.PlatformImpl.lambda$runLater$171(Ljava/lang/Runnable;Ljava/security/AccessControlContext;)V+7
j  com.sun.javafx.application.PlatformImpl$$Lambda$49.run()V+8
j  com.sun.glass.ui.InvokeLaterDispatcher$Future.run()V+4
v  ~StubRoutines::call_stub
j  com.sun.glass.ui.win.WinApplication._runLoop(Ljava/lang/Runnable;)V+0
j  com.sun.glass.ui.win.WinApplication.lambda$null$145(Ljava/lang/Runnable;)V+7
j  com.sun.glass.ui.win.WinApplication$$Lambda$38.run()V+8
j  java.lang.Thread.run()V+11
v  ~StubRoutines::call_stub

---------------  P R O C E S S  ---------------

Java Threads: ( => current thread )
  0x000000002046b800 JavaThread "Thread-3" daemon [_thread_in_native, id=11048, stack(0x0000000022eb0000,0x0000000022fb0000)]
=>0x000000002041f800 JavaThread "JavaFX Application Thread" [_thread_in_native, id=9372, stack(0x0000000021650000,0x0000000021750000)]
  0x0000000020413000 JavaThread "Thread-2" daemon [_thread_blocked, id=13788, stack(0x0000000021540000,0x0000000021640000)]
  0x00000000203e7000 JavaThread "QuantumRenderer-0" daemon [_thread_blocked, id=11420, stack(0x0000000020d30000,0x0000000020e30000)]
  0x00000000203c7000 JavaThread "JavaFX-Launcher" [_thread_blocked, id=12244, stack(0x0000000020be0000,0x0000000020ce0000)]
  0x000000001e1d4800 JavaThread "Monitor Ctrl-Break" daemon [_thread_in_native, id=17044, stack(0x000000001fff0000,0x00000000200f0000)]
  0x000000001e165800 JavaThread "Service Thread" daemon [_thread_blocked, id=3484, stack(0x000000001fce0000,0x000000001fde0000)]
  0x000000001e0f7000 JavaThread "C1 CompilerThread3" daemon [_thread_blocked, id=15580, stack(0x000000001faf0000,0x000000001fbf0000)]
  0x000000001e0d4800 JavaThread "C2 CompilerThread2" daemon [_thread_blocked, id=15152, stack(0x000000001f200000,0x000000001f300000)]
  0x000000001e0cd800 JavaThread "C2 CompilerThread1" daemon [_thread_blocked, id=17276, stack(0x000000001ef50000,0x000000001f050000)]
  0x000000001e0c3800 JavaThread "C2 CompilerThread0" daemon [_thread_blocked, id=13332, stack(0x000000001f850000,0x000000001f950000)]
  0x000000001e0c2800 JavaThread "Attach Listener" daemon [_thread_blocked, id=11468, stack(0x000000001f660000,0x000000001f760000)]
  0x000000001e0c1800 JavaThread "Signal Dispatcher" daemon [_thread_blocked, id=12580, stack(0x000000001f4e0000,0x000000001f5e0000)]
  0x000000000ddce800 JavaThread "Finalizer" daemon [_thread_blocked, id=10640, stack(0x000000001f300000,0x000000001f400000)]
  0x000000000ddc8000 JavaThread "Reference Handler" daemon [_thread_blocked, id=14912, stack(0x000000001f090000,0x000000001f190000)]
  0x000000000259e800 JavaThread "main" [_thread_blocked, id=12988, stack(0x0000000002e30000,0x0000000002f30000)]

Other Threads:
  0x000000001e072800 VMThread [stack: 0x000000001ee30000,0x000000001ef30000] [id=16212]
  0x000000001e16c000 WatcherThread [stack: 0x000000001f9f0000,0x000000001faf0000] [id=11596]

VM state:not at safepoint (normal execution)

VM Mutex/Monitor currently owned by a thread: None

Heap:
 PSYoungGen      total 76288K, used 58604K [0x000000076b400000, 0x0000000774900000, 0x00000007c0000000)
  eden space 65536K, 73% used [0x000000076b400000,0x000000076e2daf88,0x000000076f400000)
  from space 10752K, 98% used [0x000000076f400000,0x000000076fe601a8,0x000000076fe80000)
  to   space 10752K, 0% used [0x0000000773e80000,0x0000000773e80000,0x0000000774900000)
 ParOldGen       total 175104K, used 81785K [0x00000006c1c00000, 0x00000006cc700000, 0x000000076b400000)
  object space 175104K, 46% used [0x00000006c1c00000,0x00000006c6bde4f8,0x00000006cc700000)
 Metaspace       used 19434K, capacity 20338K, committed 20736K, reserved 1067008K
  class space    used 2893K, capacity 3218K, committed 3328K, reserved 1048576K

Card table byte_map: [0x0000000003440000,0x0000000003c40000] byte_map_base: 0xffffffffffe32000

Marking Bits: (ParMarkBitMap*) 0x0000000002da4040
 Begin Bits: [0x0000000004cc0000, 0x0000000008c50000)
 End Bits:   [0x0000000008c50000, 0x000000000cbe0000)

Polling page: 0x0000000000230000

CodeCache: size=245760Kb used=7331Kb max_used=7357Kb free=238428Kb
 bounds [0x000000000f010000, 0x000000000f750000, 0x000000001e010000]
 total_blobs=2680 nmethods=2112 adapters=480
 compilation: enabled

Compilation events (10 events):
Event: 2.113 Thread 0x000000001e0f7000 2112       1       javafx.css.CssMetaData::isInherits (5 bytes)
Event: 2.113 Thread 0x000000001e0f7000 nmethod 2112 0x000000000f72c190 code [0x000000000f72c2e0, 0x000000000f72c3f0]
Event: 2.113 Thread 0x000000001e0f7000 2114       3       com.sun.javafx.css.StyleClassSet::getStyleClass (148 bytes)
Event: 2.114 Thread 0x000000001e0f7000 nmethod 2114 0x000000000f72ccd0 code [0x000000000f72cfe0, 0x000000000f72ea48]
Event: 2.114 Thread 0x000000001e0f7000 2113       3       java.util.WeakHashMap::get (77 bytes)
Event: 2.115 Thread 0x000000001e0f7000 nmethod 2113 0x000000000f72b350 code [0x000000000f72b520, 0x000000000f72bdc8]
Event: 2.116 Thread 0x000000001e0f7000 2115       1       java.util.ResourceBundle$CacheKey::hashCode (5 bytes)
Event: 2.116 Thread 0x000000001e0f7000 nmethod 2115 0x000000000f736050 code [0x000000000f7361a0, 0x000000000f7362b0]
Event: 2.117 Thread 0x000000001e0cd800 nmethod 2087 0x000000000f7367d0 code [0x000000000f736a20, 0x000000000f73a190]
Event: 2.217 Thread 0x000000001e0c3800 nmethod 2101 0x000000000f740f50 code [0x000000000f741280, 0x000000000f744c90]

GC Heap History (6 events):
Event: 1.024 GC heap before
{Heap before GC invocations=1 (full 0):
 PSYoungGen      total 76288K, used 65536K [0x000000076b400000, 0x0000000770900000, 0x00000007c0000000)
  eden space 65536K, 100% used [0x000000076b400000,0x000000076f400000,0x000000076f400000)
  from space 10752K, 0% used [0x000000076fe80000,0x000000076fe80000,0x0000000770900000)
  to   space 10752K, 0% used [0x000000076f400000,0x000000076f400000,0x000000076fe80000)
 ParOldGen       total 175104K, used 0K [0x00000006c1c00000, 0x00000006cc700000, 0x000000076b400000)
  object space 175104K, 0% used [0x00000006c1c00000,0x00000006c1c00000,0x00000006cc700000)
 Metaspace       used 15438K, capacity 16160K, committed 16384K, reserved 1062912K
  class space    used 2118K, capacity 2441K, committed 2560K, reserved 1048576K
Event: 1.032 GC heap after
Heap after GC invocations=1 (full 0):
 PSYoungGen      total 76288K, used 10731K [0x000000076b400000, 0x0000000770900000, 0x00000007c0000000)
  eden space 65536K, 0% used [0x000000076b400000,0x000000076b400000,0x000000076f400000)
  from space 10752K, 99% used [0x000000076f400000,0x000000076fe7acd0,0x000000076fe80000)
  to   space 10752K, 0% used [0x000000076fe80000,0x000000076fe80000,0x0000000770900000)
 ParOldGen       total 175104K, used 7316K [0x00000006c1c00000, 0x00000006cc700000, 0x000000076b400000)
  object space 175104K, 4% used [0x00000006c1c00000,0x00000006c2325150,0x00000006cc700000)
 Metaspace       used 15438K, capacity 16160K, committed 16384K, reserved 1062912K
  class space    used 2118K, capacity 2441K, committed 2560K, reserved 1048576K
}
Event: 1.334 GC heap before
{Heap before GC invocations=2 (full 0):
 PSYoungGen      total 76288K, used 74706K [0x000000076b400000, 0x0000000770900000, 0x00000007c0000000)
  eden space 65536K, 97% used [0x000000076b400000,0x000000076f279ba8,0x000000076f400000)
  from space 10752K, 99% used [0x000000076f400000,0x000000076fe7acd0,0x000000076fe80000)
  to   space 10752K, 0% used [0x000000076fe80000,0x000000076fe80000,0x0000000770900000)
 ParOldGen       total 175104K, used 7316K [0x00000006c1c00000, 0x00000006cc700000, 0x000000076b400000)
  object space 175104K, 4% used [0x00000006c1c00000,0x00000006c2325150,0x00000006cc700000)
 Metaspace       used 16600K, capacity 17342K, committed 17536K, reserved 1064960K
  class space    used 2320K, capacity 2624K, committed 2688K, reserved 1048576K
Event: 1.346 GC heap after
Heap after GC invocations=2 (full 0):
 PSYoungGen      total 76288K, used 10019K [0x000000076b400000, 0x0000000774900000, 0x00000007c0000000)
  eden space 65536K, 0% used [0x000000076b400000,0x000000076b400000,0x000000076f400000)
  from space 10752K, 93% used [0x000000076fe80000,0x0000000770848d90,0x0000000770900000)
  to   space 10752K, 0% used [0x000000076f400000,0x000000076f400000,0x000000076fe80000)
 ParOldGen       total 175104K, used 43183K [0x00000006c1c00000, 0x00000006cc700000, 0x000000076b400000)
  object space 175104K, 24% used [0x00000006c1c00000,0x00000006c462be40,0x00000006cc700000)
 Metaspace       used 16600K, capacity 17342K, committed 17536K, reserved 1064960K
  class space    used 2320K, capacity 2624K, committed 2688K, reserved 1048576K
}
Event: 1.746 GC heap before
{Heap before GC invocations=3 (full 0):
 PSYoungGen      total 76288K, used 64698K [0x000000076b400000, 0x0000000774900000, 0x00000007c0000000)
  eden space 65536K, 83% used [0x000000076b400000,0x000000076e965c20,0x000000076f400000)
  from space 10752K, 93% used [0x000000076fe80000,0x0000000770848d90,0x0000000770900000)
  to   space 10752K, 0% used [0x000000076f400000,0x000000076f400000,0x000000076fe80000)
 ParOldGen       total 175104K, used 43183K [0x00000006c1c00000, 0x00000006cc700000, 0x000000076b400000)
  object space 175104K, 24% used [0x00000006c1c00000,0x00000006c462be40,0x00000006cc700000)
 Metaspace       used 17860K, capacity 18698K, committed 18816K, reserved 1064960K
  class space    used 2566K, capacity 2878K, committed 2944K, reserved 1048576K
Event: 1.769 GC heap after
Heap after GC invocations=3 (full 0):
 PSYoungGen      total 76288K, used 10624K [0x000000076b400000, 0x0000000774900000, 0x00000007c0000000)
  eden space 65536K, 0% used [0x000000076b400000,0x000000076b400000,0x000000076f400000)
  from space 10752K, 98% used [0x000000076f400000,0x000000076fe601a8,0x000000076fe80000)
  to   space 10752K, 0% used [0x0000000773e80000,0x0000000773e80000,0x0000000774900000)
 ParOldGen       total 175104K, used 81785K [0x00000006c1c00000, 0x00000006cc700000, 0x000000076b400000)
  object space 175104K, 46% used [0x00000006c1c00000,0x00000006c6bde4f8,0x00000006cc700000)
 Metaspace       used 17860K, capacity 18698K, committed 18816K, reserved 1064960K
  class space    used 2566K, capacity 2878K, committed 2944K, reserved 1048576K
}

Deoptimization events (10 events):
Event: 1.383 Thread 0x000000002041f800 Uncommon trap: reason=class_check action=maybe_recompile pc=0x000000000f5b0688 method=java.io.BufferedInputStream.read1([BII)I @ 39
Event: 1.693 Thread 0x000000002041f800 Uncommon trap: reason=unstable_if action=reinterpret pc=0x000000000f36bb64 method=java.lang.ref.ReferenceQueue.poll()Ljava/lang/ref/Reference; @ 4
Event: 2.016 Thread 0x000000002041f800 Uncommon trap: reason=unstable_if action=reinterpret pc=0x000000000f5c9354 method=java.util.Arrays.equals([Ljava/lang/Object;[Ljava/lang/Object;)Z @ 23
Event: 2.016 Thread 0x000000002041f800 Uncommon trap: reason=unstable_if action=reinterpret pc=0x000000000f52f850 method=java.util.Arrays.equals([Ljava/lang/Object;[Ljava/lang/Object;)Z @ 23
Event: 2.036 Thread 0x000000002041f800 Uncommon trap: reason=unstable_if action=reinterpret pc=0x000000000f517234 method=java.util.HashMap.hash(Ljava/lang/Object;)I @ 1
Event: 2.036 Thread 0x000000002041f800 Uncommon trap: reason=unstable_if action=reinterpret pc=0x000000000f64ba70 method=java.util.HashMap.hash(Ljava/lang/Object;)I @ 1
Event: 2.068 Thread 0x000000002041f800 Uncommon trap: reason=unstable_if action=reinterpret pc=0x000000000f604c8c method=com.sun.org.apache.xerces.internal.impl.XMLEntityScanner.scanLiteral(ILcom/sun/org/apache/xerces/internal/xni/XMLString;)I @ 563
Event: 2.116 Thread 0x000000002041f800 Uncommon trap: reason=class_check action=maybe_recompile pc=0x000000000f43b5d4 method=java.io.FilterInputStream.read([B)I @ 5
Event: 2.116 Thread 0x000000002041f800 Uncommon trap: reason=class_check action=maybe_recompile pc=0x000000000f43b5d4 method=java.io.FilterInputStream.read([B)I @ 5
Event: 2.116 Thread 0x000000002041f800 Uncommon trap: reason=class_check action=maybe_recompile pc=0x000000000f43b5d4 method=java.io.FilterInputStream.read([B)I @ 5

Internal exceptions (10 events):
Event: 0.909 Thread 0x000000002041f800 Exception <a 'java/lang/NullPointerException'> (0x000000076e712c60) thrown at [C:\re\workspace\8-2-build-windows-amd64-cygwin\jdk8u51\3951\hotspot\src\share\vm\interpreter\linkResolver.cpp, line 1178]
Event: 0.909 Thread 0x000000002041f800 Exception <a 'java/lang/NullPointerException'> (0x000000076e712c60) thrown at [C:\re\workspace\8-2-build-windows-amd64-cygwin\jdk8u51\3951\hotspot\src\share\vm\prims\jvm.cpp, line 1386]
Event: 0.936 Thread 0x000000002041f800 Exception <a 'java/lang/ArrayIndexOutOfBoundsException'> (0x000000076ea42440) thrown at [C:\re\workspace\8-2-build-windows-amd64-cygwin\jdk8u51\3951\hotspot\src\share\vm\runtime\sharedRuntime.cpp, line 605]
Event: 0.936 Thread 0x000000002041f800 Exception <a 'java/lang/ArrayIndexOutOfBoundsException'> (0x000000076ea430e0) thrown at [C:\re\workspace\8-2-build-windows-amd64-cygwin\jdk8u51\3951\hotspot\src\share\vm\runtime\sharedRuntime.cpp, line 605]
Event: 0.936 Thread 0x000000002041f800 Exception <a 'java/lang/ArrayIndexOutOfBoundsException'> (0x000000076ea443d8) thrown at [C:\re\workspace\8-2-build-windows-amd64-cygwin\jdk8u51\3951\hotspot\src\share\vm\runtime\sharedRuntime.cpp, line 605]
Event: 0.948 Thread 0x000000002041f800 Exception <a 'java/lang/ArrayIndexOutOfBoundsException'> (0x000000076ec456a8) thrown at [C:\re\workspace\8-2-build-windows-amd64-cygwin\jdk8u51\3951\hotspot\src\share\vm\runtime\sharedRuntime.cpp, line 605]
Event: 1.044 Thread 0x000000002041f800 Exception <a 'java/lang/ArrayIndexOutOfBoundsException': 58> (0x000000076b628ae0) thrown at [C:\re\workspace\8-2-build-windows-amd64-cygwin\jdk8u51\3951\hotspot\src\share\vm\interpreter\interpreterRuntime.cpp, line 366]
Event: 1.047 Thread 0x000000002041f800 Exception <a 'java/lang/ArrayIndexOutOfBoundsException': 58> (0x000000076b675310) thrown at [C:\re\workspace\8-2-build-windows-amd64-cygwin\jdk8u51\3951\hotspot\src\share\vm\interpreter\interpreterRuntime.cpp, line 366]
Event: 2.036 Thread 0x000000002041f800 Implicit null exception at 0x000000000f516ff5 to 0x000000000f517225
Event: 2.036 Thread 0x000000002041f800 Implicit null exception at 0x000000000f64b9d8 to 0x000000000f64ba66

Events (10 events):
Event: 2.116 Thread 0x000000002041f800 DEOPT PACKING pc=0x000000000f43b5d4 sp=0x000000002174ca90
Event: 2.116 Thread 0x000000002041f800 DEOPT UNPACKING pc=0x000000000f05582a sp=0x000000002174ca60 mode 2
Event: 2.116 loading class com/sun/javafx/tk/quantum/QuantumMessagesBundle_en
Event: 2.116 loading class com/sun/javafx/tk/quantum/QuantumMessagesBundle_en done
Event: 2.116 loading class com/sun/javafx/tk/quantum/QuantumMessagesBundle_en_US
Event: 2.116 loading class com/sun/javafx/tk/quantum/QuantumMessagesBundle_en_US done
Event: 2.117 loading class com/sun/javafx/tk/quantum/WindowStage$1
Event: 2.117 loading class com/sun/javafx/tk/quantum/WindowStage$1 done
Event: 2.117 loading class com/sun/javafx/tk/FocusCause
Event: 2.117 loading class com/sun/javafx/tk/FocusCause done


Dynamic libraries:
0x000000013fb00000 - 0x000000013fb37000 	C:\Program Files\Java\jdk1.8.0_51\bin\java.exe
0x0000000077980000 - 0x0000000077b29000 	C:\Windows\SYSTEM32\ntdll.dll
0x0000000077860000 - 0x0000000077980000 	C:\Windows\system32\kernel32.dll
0x000007fefd840000 - 0x000007fefd8ac000 	C:\Windows\system32\KERNELBASE.dll
0x000007fefe040000 - 0x000007fefe11b000 	C:\Windows\system32\ADVAPI32.dll
0x000007feff650000 - 0x000007feff6ef000 	C:\Windows\system32\msvcrt.dll
0x000007feffa60000 - 0x000007feffa7f000 	C:\Windows\SYSTEM32\sechost.dll
0x000007feffad0000 - 0x000007feffbfd000 	C:\Windows\system32\RPCRT4.dll
0x0000000077760000 - 0x000000007785a000 	C:\Windows\system32\USER32.dll
0x000007fefe130000 - 0x000007fefe197000 	C:\Windows\system32\GDI32.dll
0x000007fefe6c0000 - 0x000007fefe6ce000 	C:\Windows\system32\LPK.dll
0x000007fefe2c0000 - 0x000007fefe389000 	C:\Windows\system32\USP10.dll
0x000007fefbbe0000 - 0x000007fefbdd4000 	C:\Windows\WinSxS\amd64_microsoft.windows.common-controls_6595b64144ccf1df_6.0.7601.18837_none_fa3b1e3d17594757\COMCTL32.dll
0x000007fefe5a0000 - 0x000007fefe611000 	C:\Windows\system32\SHLWAPI.dll
0x000007feffc00000 - 0x000007feffc2e000 	C:\Windows\system32\IMM32.DLL
0x000007fefe6d0000 - 0x000007fefe7d9000 	C:\Windows\system32\MSCTF.dll
0x000007fefd650000 - 0x000007fefd681000 	C:\Windows\system32\nvinitx.dll
0x000007fefd640000 - 0x000007fefd64c000 	C:\Windows\system32\VERSION.dll
0x000000000f000000 - 0x000000000f006000 	C:\Program Files\NVIDIA Corporation\CoProcManager\detoured.dll
0x000007fef9e30000 - 0x000007fef9e61000 	C:\Program Files\NVIDIA Corporation\CoProcManager\nvd3d9wrapx.dll
0x000007feff880000 - 0x000007feffa57000 	C:\Windows\system32\SETUPAPI.dll
0x000007fefda40000 - 0x000007fefda76000 	C:\Windows\system32\CFGMGR32.dll
0x000007feff570000 - 0x000007feff647000 	C:\Windows\system32\OLEAUT32.dll
0x000007fefe390000 - 0x000007fefe593000 	C:\Windows\system32\ole32.dll
0x000007fefdac0000 - 0x000007fefdada000 	C:\Windows\system32\DEVOBJ.dll
0x000007fef9d20000 - 0x000007fef9d42000 	C:\Program Files\NVIDIA Corporation\CoProcManager\nvdxgiwrapx.dll
0x0000000054f30000 - 0x0000000055002000 	C:\Program Files\Java\jdk1.8.0_51\jre\bin\msvcr100.dll
0x00000000025a0000 - 0x0000000002e23000 	C:\Program Files\Java\jdk1.8.0_51\jre\bin\server\jvm.dll
0x000007feeef60000 - 0x000007feeef69000 	C:\Windows\system32\WSOCK32.dll
0x000007feffa80000 - 0x000007feffacd000 	C:\Windows\system32\WS2_32.dll
0x000007fefe120000 - 0x000007fefe128000 	C:\Windows\system32\NSI.dll
0x000007fef9d50000 - 0x000007fef9d8b000 	C:\Windows\system32\WINMM.dll
0x0000000077b50000 - 0x0000000077b57000 	C:\Windows\system32\PSAPI.DLL
0x000000005b5e0000 - 0x000000005b5ef000 	C:\Program Files\Java\jdk1.8.0_51\jre\bin\verify.dll
0x00000000552e0000 - 0x0000000055309000 	C:\Program Files\Java\jdk1.8.0_51\jre\bin\java.dll
0x00000000552c0000 - 0x00000000552d6000 	C:\Program Files\Java\jdk1.8.0_51\jre\bin\zip.dll
0x000007fefe7e0000 - 0x000007feff569000 	C:\Windows\system32\SHELL32.dll
0x000007fefd730000 - 0x000007fefd73f000 	C:\Windows\system32\profapi.dll
0x000007fefbaa0000 - 0x000007fefbab0000 	C:\Program Files (x86)\JetBrains\IntelliJ_14.1.5\bin\breakgen64.dll
0x00000000552a0000 - 0x00000000552ba000 	C:\Program Files\Java\jdk1.8.0_51\jre\bin\net.dll
0x000007fefceb0000 - 0x000007fefcf05000 	C:\Windows\system32\mswsock.dll
0x000007fefcea0000 - 0x000007fefcea7000 	C:\Windows\System32\wship6.dll
0x0000000055240000 - 0x000000005526c000 	C:\Program Files\Java\jdk1.8.0_51\jre\bin\prism_d3d.dll
0x000007feedcb0000 - 0x000007feedeaf000 	C:\Windows\system32\d3d9.dll
0x000007feee8a0000 - 0x000007feee8a7000 	C:\Windows\system32\d3d8thk.dll
0x000007fefa8b0000 - 0x000007fefa8c8000 	C:\Windows\system32\dwmapi.dll
0x000007fefd760000 - 0x000007fefd79b000 	C:\Windows\system32\WINTRUST.dll
0x000007fefd8b0000 - 0x000007fefda1d000 	C:\Windows\system32\CRYPT32.dll
0x000007fefd720000 - 0x000007fefd72f000 	C:\Windows\system32\MSASN1.dll
0x000007fefac90000 - 0x000007feface6000 	C:\Windows\system32\uxtheme.dll
0x000007fef9710000 - 0x000007fef9826000 	C:\Windows\system32\nvumdshimx.dll
0x000007fee3850000 - 0x000007fee4f56000 	C:\Windows\system32\igdumdim64.dll
0x000007fee2910000 - 0x000007fee3832000 	C:\Windows\system32\nvd3dumx.dll
0x0000000180000000 - 0x00000001801a7000 	C:\Windows\system32\nvspcap64.dll
0x000007fef9260000 - 0x000007fef92d1000 	C:\Windows\system32\WINHTTP.dll
0x000007fef91e0000 - 0x000007fef9244000 	C:\Windows\system32\webio.dll
0x000007fef99b0000 - 0x000007fef9d18000 	C:\Windows\system32\nvapi64.dll
0x000007fefd4e0000 - 0x000007fefd505000 	C:\Windows\system32\SspiCli.dll
0x00000000551f0000 - 0x0000000055231000 	C:\Program Files\Java\jdk1.8.0_51\jre\bin\glass.dll
0x000007fefe1a0000 - 0x000007fefe237000 	C:\Windows\system32\COMDLG32.dll
0x000007fefd510000 - 0x000007fefd51f000 	C:\Windows\system32\CRYPTBASE.dll
0x000007fed7fa0000 - 0x000007fed893c000 	C:\Windows\system32\igdusc64.dll
0x000007fefc530000 - 0x000007fefc55c000 	C:\Windows\system32\powrprof.dll
0x000007fee10a0000 - 0x000007fee1200000 	C:\Program Files (x86)\NVIDIA Corporation\3D Vision\nvSCPAPI64.dll
0x00000000551c0000 - 0x00000000551e5000 	C:\Program Files\Java\jdk1.8.0_51\jre\bin\javafx_iio.dll
0x0000000054f10000 - 0x0000000054f25000 	C:\Program Files\Java\jdk1.8.0_51\jre\bin\javafx_font.dll
0x000007fee69a0000 - 0x000007fee6b37000 	C:\Windows\system32\dwrite.dll
0x000007fefe620000 - 0x000007fefe6b9000 	C:\Windows\system32\CLBCatQ.DLL
0x000007fefa740000 - 0x000007fefa8a1000 	C:\Windows\system32\WindowsCodecs.dll
0x000007fefd5c0000 - 0x000007fefd617000 	C:\Windows\system32\apphelp.dll
0x000007feeb4e0000 - 0x000007feeb5ae000 	C:\Program Files (x86)\AlienRespawn\Components\Shell\DBROverlayIconBackuped.dll
0x000000006dfc0000 - 0x000000006e4d0000 	C:\Program Files (x86)\AlienRespawn\Components\Shell\Qt5Core.dll
0x000000006df10000 - 0x000000006dfa8000 	C:\Program Files (x86)\AlienRespawn\Components\Shell\MSVCP100.dll
0x000007feeb2c0000 - 0x000007feeb3e5000 	C:\Windows\system32\dbghelp.dll

VM Arguments:
jvm_args: -Didea.launcher.port=7535 -Didea.launcher.bin.path=C:\Program Files (x86)\JetBrains\IntelliJ_14.1.5\bin -Dfile.encoding=windows-1252 
java_command: com.intellij.rt.execution.application.AppMain starvationevasion.client.MegaMawile.MainClient_MegaMawile
java_class_path (initial): C:\Program Files\Java\jdk1.8.0_51\jre\lib\charsets.jar;C:\Program Files\Java\jdk1.8.0_51\jre\lib\deploy.jar;C:\Program Files\Java\jdk1.8.0_51\jre\lib\javaws.jar;C:\Program Files\Java\jdk1.8.0_51\jre\lib\jce.jar;C:\Program Files\Java\jdk1.8.0_51\jre\lib\jfr.jar;C:\Program Files\Java\jdk1.8.0_51\jre\lib\jfxswt.jar;C:\Program Files\Java\jdk1.8.0_51\jre\lib\jsse.jar;C:\Program Files\Java\jdk1.8.0_51\jre\lib\management-agent.jar;C:\Program Files\Java\jdk1.8.0_51\jre\lib\plugin.jar;C:\Program Files\Java\jdk1.8.0_51\jre\lib\resources.jar;C:\Program Files\Java\jdk1.8.0_51\jre\lib\rt.jar;C:\Program Files\Java\jdk1.8.0_51\jre\lib\ext\access-bridge-64.jar;C:\Program Files\Java\jdk1.8.0_51\jre\lib\ext\cldrdata.jar;C:\Program Files\Java\jdk1.8.0_51\jre\lib\ext\dnsns.jar;C:\Program Files\Java\jdk1.8.0_51\jre\lib\ext\jaccess.jar;C:\Program Files\Java\jdk1.8.0_51\jre\lib\ext\jfxrt.jar;C:\Program Files\Java\jdk1.8.0_51\jre\lib\ext\localedata.jar;C:\Program Files\Java\jdk1.8.0_51\jre\lib\ext\nashorn.jar;C:\Program Files\Java\jdk1.8.0_51\jre\lib\ext\sunec.jar;C:\Program Files\Java\jdk1.8.0_51\jre\lib\ext\sunjce_provider.jar;C:\Program Files\Java\jdk1.8.0_51\jre\lib\ext\sunmscapi.jar;C:\Program Files\Java\jdk1.8.0_51\jre\lib\ext\sunpkcs11.jar;C:\Program Files\Java\jdk1.8.0_51\jre\lib\ext\zipfs.jar;D:\JavaWorkspace\CS_351\StarvationEvasion\out\production\StarvationEvasion;C:\Program Files (x86)\JetBrains\IntelliJ_14.1.5\lib\idea_rt.jar
Launcher Type: SUN_STANDARD

Environment Variables:
PATH=C:\ProgramData\Oracle\Java\javapath;C:\Program Files (x86)\Intel\iCLS Client\;C:\Program Files\Intel\iCLS Client\;C:\Windows\system32;C:\Windows;C:\Windows\System32\Wbem;C:\Windows\System32\WindowsPowerShell\v1.0\;C:\Program Files\Intel\Intel(R) Management Engine Components\DAL;C:\Program Files (x86)\Intel\Intel(R) Management Engine Components\DAL;C:\Program Files\Intel\Intel(R) Management Engine Components\IPT;C:\Program Files (x86)\Intel\Intel(R) Management Engine Components\IPT;C:\Program Files (x86)\NVIDIA Corporation\PhysX\Common;D:\Software\MATLAB\R2015b\runtime\win64;D:\Software\MATLAB\R2015b\bin;C:\Program Files\SourceGear\Common\DiffMerge\
USERNAME=Joel
OS=Windows_NT
PROCESSOR_IDENTIFIER=Intel64 Family 6 Model 60 Stepping 3, GenuineIntel



---------------  S Y S T E M  ---------------

OS: Windows 7 , 64 bit Build 7601 (6.1.7601.19045)

CPU:total 8 (4 cores per cpu, 2 threads per core) family 6 model 60 stepping 3, cmov, cx8, fxsr, mmx, sse, sse2, sse3, ssse3, sse4.1, sse4.2, popcnt, avx, avx2, aes, clmul, erms, lzcnt, ht, tsc, tscinvbit, bmi1, bmi2

Memory: 4k page, physical 16659868k(8872240k free), swap 33317900k(23595360k free)

vm_info: Java HotSpot(TM) 64-Bit Server VM (25.51-b03) for windows-amd64 JRE (1.8.0_51-b16), built on Jun  8 2015 18:03:07 by "java_re" with MS VC++ 10.0 (VS2010)

time: Mon Dec 21 10:24:59 2015
elapsed time: 3 seconds (0d 0h 0m 3s)

